SF:lib\app\core\errors\datasource_error.dart
DA:4,7
LF:1
LH:1
end_of_record
SF:lib\app\core\errors\domain_error.dart
DA:4,6
LF:1
LH:1
end_of_record
SF:lib\app\core\helpers\either.dart
DA:11,0
DA:12,0
DA:15,0
DA:18,0
DA:19,0
DA:20,0
DA:26,0
DA:27,0
DA:30,0
DA:31,0
DA:32,0
DA:36,0
DA:37,0
DA:38,0
DA:39,0
DA:55,10
DA:57,10
DA:59,20
DA:62,0
DA:64,0
DA:77,10
DA:79,10
DA:81,20
DA:84,0
DA:86,0
DA:90,10
DA:91,10
DA:94,10
DA:95,10
DA:102,14
LF:30
LH:11
end_of_record
SF:lib\app\modules\auth\login\domain\params\login_with_email_params.dart
DA:5,4
LF:1
LH:1
end_of_record
SF:lib\app\modules\auth\login\domain\usecases\login_with_email_usecase.dart
DA:14,1
DA:17,1
DA:19,4
DA:20,3
DA:23,3
LF:5
LH:5
end_of_record
SF:lib\app\core\contracts\i_error.dart
DA:5,14
LF:1
LH:1
end_of_record
SF:lib\app\modules\auth\login\domain\errors\domain_errors.dart
DA:4,1
LF:1
LH:1
end_of_record
SF:lib\app\core\errors\auth_error.dart
DA:4,2
LF:1
LH:1
end_of_record
SF:lib\app\modules\auth\login\external\datasources\login_datasource_impl.dart
DA:8,1
DA:11,1
DA:12,3
LF:3
LH:3
end_of_record
SF:lib\app\modules\auth\register\domain\params\register_with_email_params.dart
DA:5,4
LF:1
LH:1
end_of_record
SF:lib\app\modules\auth\login\infra\repositories\login_repository_impl.dart
DA:10,1
DA:13,1
DA:15,3
DA:17,1
DA:18,1
DA:19,1
LF:6
LH:6
end_of_record
SF:lib\app\modules\auth\login\presenter\blocs\login_bloc\login_state.dart
DA:5,1
DA:6,1
LF:2
LH:2
end_of_record
SF:lib\app\modules\auth\login\presenter\blocs\login_bloc\login_event.dart
DA:9,1
LF:1
LH:1
end_of_record
SF:lib\app\modules\auth\login\presenter\blocs\login_bloc\login_bloc.dart
DA:12,3
DA:13,2
DA:14,2
DA:18,1
DA:19,2
DA:21,4
DA:23,1
DA:24,3
DA:25,3
LF:9
LH:9
end_of_record
SF:lib\app\modules\auth\register\domain\usecases\register_with_email_usecase.dart
DA:14,1
DA:17,1
DA:18,4
DA:19,3
DA:22,3
LF:5
LH:5
end_of_record
SF:lib\app\modules\auth\register\domain\errors\domain_errors.dart
DA:4,1
LF:1
LH:1
end_of_record
SF:lib\app\modules\auth\register\external\datasources\register_datasource_impl.dart
DA:8,1
DA:11,1
DA:12,3
LF:3
LH:3
end_of_record
SF:lib\app\modules\auth\register\infra\repositories\register_repository_impl.dart
DA:10,1
DA:13,1
DA:15,3
DA:17,1
DA:18,1
DA:19,1
LF:6
LH:6
end_of_record
SF:lib\app\modules\auth\register\presenter\blocs\register_bloc\register_state.dart
DA:5,1
DA:6,1
LF:2
LH:2
end_of_record
SF:lib\app\modules\auth\register\presenter\blocs\register_bloc\register_event.dart
DA:9,1
LF:1
LH:1
end_of_record
SF:lib\app\modules\auth\register\presenter\blocs\register_bloc\register_bloc.dart
DA:12,3
DA:13,2
DA:14,2
DA:18,1
DA:19,2
DA:21,4
DA:23,1
DA:24,3
DA:25,3
LF:9
LH:9
end_of_record
SF:lib\app\modules\plant\domain\errors\domain_errors.dart
DA:4,1
DA:8,1
LF:2
LH:2
end_of_record
SF:lib\app\modules\plant\domain\params\create_plant_params.dart
DA:5,4
LF:1
LH:1
end_of_record
SF:lib\app\modules\plant\domain\usecases\create_plant_usecase.dart
DA:14,1
DA:17,1
DA:18,2
DA:19,3
DA:22,2
DA:23,3
DA:26,3
LF:7
LH:7
end_of_record
SF:lib\app\modules\plant\domain\entities\plant_entity.dart
DA:7,3
DA:12,3
LF:2
LH:2
end_of_record
SF:lib\app\core\errors\database_error.dart
DA:4,1
LF:1
LH:1
end_of_record
SF:lib\app\core\errors\mapper_error.dart
DA:4,1
LF:1
LH:1
end_of_record
SF:lib\app\modules\plant\external\datasources\plant_datasource_impl.dart
DA:12,1
DA:15,1
DA:16,4
DA:18,2
DA:20,5
DA:24,1
DA:25,5
DA:27,5
LF:8
LH:8
end_of_record
SF:lib\app\modules\plant\external\mappers\plant_entity_mapper.dart
DA:6,2
DA:9,2
DA:10,2
DA:11,2
DA:12,2
DA:13,2
DA:16,1
DA:20,2
DA:23,2
DA:24,2
DA:25,2
DA:26,2
DA:27,2
DA:30,0
LF:14
LH:13
end_of_record
SF:lib\app\modules\plant\external\errors\external_errors.dart
DA:4,1
LF:1
LH:1
end_of_record
SF:lib\app\modules\plant\domain\usecases\get_plants_usecase.dart
DA:13,1
DA:16,1
DA:17,3
LF:3
LH:3
end_of_record
SF:lib\app\modules\plant\infra\repositories\plant_repository_impl.dart
DA:11,1
DA:14,1
DA:16,3
DA:18,1
DA:19,1
DA:20,1
DA:25,1
DA:27,3
DA:29,1
DA:30,1
DA:31,1
LF:11
LH:11
end_of_record
SF:lib\app\modules\plant\presenter\blocs\bloc\create_plant_event.dart
DA:7,1
DA:11,1
LF:2
LH:2
end_of_record
SF:lib\app\modules\plant\presenter\blocs\bloc\create_plant_state.dart
DA:5,1
DA:6,1
LF:2
LH:2
end_of_record
SF:lib\app\modules\plant\presenter\blocs\bloc\create_plant_bloc.dart
DA:13,3
DA:14,2
DA:17,1
DA:18,2
DA:20,4
DA:22,1
DA:23,3
DA:24,3
LF:8
LH:8
end_of_record
