SF:lib\app\core\errors\datasource_error.dart
DA:4,2
LF:1
LH:1
end_of_record
SF:lib\app\core\errors\domain_error.dart
DA:4,1
LF:1
LH:1
end_of_record
SF:lib\app\core\helpers\either.dart
DA:11,0
DA:12,0
DA:15,0
DA:18,0
DA:19,0
DA:20,0
DA:26,0
DA:27,0
DA:30,0
DA:31,0
DA:32,0
DA:36,0
DA:37,0
DA:38,0
DA:39,0
DA:55,2
DA:57,2
DA:59,4
DA:62,0
DA:64,0
DA:77,2
DA:79,2
DA:81,4
DA:84,0
DA:86,0
DA:90,2
DA:91,2
DA:94,2
DA:95,2
DA:102,3
LF:30
LH:11
end_of_record
SF:lib\app\modules\auth\login\domain\params\login_with_email_params.dart
DA:5,3
LF:1
LH:1
end_of_record
SF:lib\app\modules\auth\login\domain\usecases\login_with_email_usecase.dart
DA:14,1
DA:17,1
DA:19,4
DA:20,3
DA:23,3
LF:5
LH:5
end_of_record
SF:lib\app\core\contracts\i_error.dart
DA:5,3
LF:1
LH:1
end_of_record
SF:lib\app\modules\auth\login\domain\errors\domain_errors.dart
DA:4,1
LF:1
LH:1
end_of_record
SF:lib\app\core\errors\auth_error.dart
DA:4,1
LF:1
LH:1
end_of_record
SF:lib\app\modules\auth\login\external\datasources\login_datasource_impl.dart
DA:8,1
DA:11,1
DA:12,3
LF:3
LH:3
end_of_record
SF:lib\app\modules\auth\login\infra\repositories\login_repository_impl.dart
DA:10,1
DA:13,1
DA:15,3
DA:17,1
DA:18,1
DA:19,1
LF:6
LH:6
end_of_record
SF:lib\app\modules\auth\register\domain\params\register_with_email_params.dart
DA:5,0
LF:1
LH:0
end_of_record
